d:\_\__sdl projects\game1017\_winter2022\game1017_exercises\le2_lastnamefirstname\game1017_emptyengine\debug\vc142.pdb
d:\_\__sdl projects\game1017\_winter2022\game1017_exercises\le2_lastnamefirstname\game1017_emptyengine\debug\vc142.idb
d:\_\__sdl projects\game1017\_winter2022\game1017_exercises\le2_lastnamefirstname\game1017_emptyengine\debug\turret.obj
d:\_\__sdl projects\game1017\_winter2022\game1017_exercises\le2_lastnamefirstname\game1017_emptyengine\debug\texturemanager.obj
d:\_\__sdl projects\game1017\_winter2022\game1017_exercises\le2_lastnamefirstname\game1017_emptyengine\debug\states.obj
d:\_\__sdl projects\game1017\_winter2022\game1017_exercises\le2_lastnamefirstname\game1017_emptyengine\debug\statemanager.obj
d:\_\__sdl projects\game1017\_winter2022\game1017_exercises\le2_lastnamefirstname\game1017_emptyengine\debug\mathmanager.obj
d:\_\__sdl projects\game1017\_winter2022\game1017_exercises\le2_lastnamefirstname\game1017_emptyengine\debug\main.obj
d:\_\__sdl projects\game1017\_winter2022\game1017_exercises\le2_lastnamefirstname\game1017_emptyengine\debug\eventmanager.obj
d:\_\__sdl projects\game1017\_winter2022\game1017_exercises\le2_lastnamefirstname\game1017_emptyengine\debug\engine.obj
d:\_\__sdl projects\game1017\_winter2022\game1017_exercises\le2_lastnamefirstname\game1017_emptyengine\debug\enemy.obj
d:\_\__sdl projects\game1017\_winter2022\game1017_exercises\le2_lastnamefirstname\game1017_emptyengine\debug\collisionmanager.obj
d:\_\__sdl projects\game1017\_winter2022\game1017_exercises\le2_lastnamefirstname\game1017_emptyengine\debug\bullet.obj
d:\_\__sdl projects\game1017\_winter2022\game1017_exercises\le2_lastnamefirstname\debug\game1017_emptyengine.exe
d:\_\__sdl projects\game1017\_winter2022\game1017_exercises\le2_lastnamefirstname\game1017_emptyengine\debug\game1017_emptyengine.ilk
d:\_\__sdl projects\game1017\_winter2022\game1017_exercises\le2_lastnamefirstname\debug\game1017_emptyengine.pdb
d:\_\__sdl projects\game1017\_winter2022\game1017_exercises\le2_lastnamefirstname\game1017_emptyengine\debug\game1017.5ae98247.tlog\cl.command.1.tlog
d:\_\__sdl projects\game1017\_winter2022\game1017_exercises\le2_lastnamefirstname\game1017_emptyengine\debug\game1017.5ae98247.tlog\cl.read.1.tlog
d:\_\__sdl projects\game1017\_winter2022\game1017_exercises\le2_lastnamefirstname\game1017_emptyengine\debug\game1017.5ae98247.tlog\cl.write.1.tlog
d:\_\__sdl projects\game1017\_winter2022\game1017_exercises\le2_lastnamefirstname\game1017_emptyengine\debug\game1017.5ae98247.tlog\link.command.1.tlog
d:\_\__sdl projects\game1017\_winter2022\game1017_exercises\le2_lastnamefirstname\game1017_emptyengine\debug\game1017.5ae98247.tlog\link.read.1.tlog
d:\_\__sdl projects\game1017\_winter2022\game1017_exercises\le2_lastnamefirstname\game1017_emptyengine\debug\game1017.5ae98247.tlog\link.write.1.tlog
